build/app/intermediates/manifest_merge_blame_file/debug/manifest-merger-blame-debug-report.txt
1<?xml version="1.0" encoding="utf-8"?>
2<manifest xmlns:android="http://schemas.android.com/apk/res/android"
3    package="com.Adi.Amin"
4    android:versionCode="1"
5    android:versionName="1.0.0" >
6
7    <uses-sdk
8        android:minSdkVersion="21"
9        android:targetSdkVersion="33" />
10    <!--
11         The INTERNET permission is required for development. Specifically,
12         the Flutter tool needs it to communicate with the running application
13         to allow setting breakpoints, to provide hot reload, etc.
14    -->
15    <uses-permission android:name="android.permission.INTERNET" />
15-->src/debug/AndroidManifest.xml:7:5-66
15-->src/debug/AndroidManifest.xml:7:22-64
16    <!-- Provide required visibility configuration for API level 30 and above -->
17    <queries>
17-->src/debug/AndroidManifest.xml:9:1-20:11
18
19        <!-- If your app checks for SMS support -->
20        <intent>
20-->src/debug/AndroidManifest.xml:11:3-14:12
21            <action android:name="android.intent.action.VIEW" />
21-->src/debug/AndroidManifest.xml:12:5-57
21-->src/debug/AndroidManifest.xml:12:13-54
22
23            <data android:scheme="https" />
23-->src/debug/AndroidManifest.xml:13:5-36
23-->src/debug/AndroidManifest.xml:13:11-33
24        </intent>
25        <!-- If your app checks for call support -->
26        <intent>
26-->src/debug/AndroidManifest.xml:16:3-19:12
27            <action android:name="android.intent.action.VIEW" />
27-->src/debug/AndroidManifest.xml:12:5-57
27-->src/debug/AndroidManifest.xml:12:13-54
28
29            <data android:scheme="tel" />
29-->src/debug/AndroidManifest.xml:13:5-36
29-->src/debug/AndroidManifest.xml:13:11-33
30        </intent>
31    </queries>
32
33    <uses-permission android:name="android.permission.ACCESS_NETWORK_STATE" />
33-->[com.google.firebase:firebase-auth:21.0.8] AndroidManifest.xml:24:5-79
33-->[com.google.firebase:firebase-auth:21.0.8] AndroidManifest.xml:24:22-76
34
35    <application
36        android:name="android.app.Application"
37        android:appComponentFactory="androidx.core.app.CoreComponentFactory"
37-->[androidx.core:core:1.6.0] AndroidManifest.xml:24:18-86
38        android:debuggable="true"
39        android:icon="@mipmap/ic_launcher"
40        android:label="AdiAmin" >
41        <activity
42            android:name="com.example.jsk_app.MainActivity"
43            android:configChanges="orientation|keyboardHidden|keyboard|screenSize|smallestScreenSize|locale|layoutDirection|fontScale|screenLayout|density|uiMode"
44            android:exported="true"
45            android:hardwareAccelerated="true"
46            android:launchMode="singleTop"
47            android:theme="@style/LaunchTheme"
48            android:windowSoftInputMode="adjustResize" >
49
50            <!--
51                 Specifies an Android theme to apply to this Activity as soon as
52                 the Android process has started. This theme is visible to the user
53                 while the Flutter UI initializes. After that, this theme continues
54                 to determine the Window background behind the Flutter UI.
55            -->
56            <meta-data
57                android:name="io.flutter.embedding.android.NormalTheme"
58                android:resource="@style/NormalTheme" />
59
60            <intent-filter>
61                <action android:name="android.intent.action.MAIN" />
62
63                <category android:name="android.intent.category.LAUNCHER" />
64            </intent-filter>
65        </activity>
66        <!--
67             Don't delete the meta-data below.
68             This is used by the Flutter tool to generate GeneratedPluginRegistrant.java
69        -->
70        <meta-data
71            android:name="flutterEmbedding"
72            android:value="2" />
73
74        <service
74-->[:firebase_auth] AndroidManifest.xml:10:9-14:19
75            android:name="com.google.firebase.components.ComponentDiscoveryService"
75-->[:firebase_auth] AndroidManifest.xml:10:18-89
76            android:directBootAware="true"
76-->[com.google.firebase:firebase-common:20.1.2] AndroidManifest.xml:35:13-43
77            android:exported="false" >
77-->[com.google.firebase:firebase-auth:21.0.8] AndroidManifest.xml:66:13-37
78            <meta-data
78-->[:firebase_auth] AndroidManifest.xml:11:13-13:85
79                android:name="com.google.firebase.components:io.flutter.plugins.firebase.auth.FlutterFirebaseAuthRegistrar"
79-->[:firebase_auth] AndroidManifest.xml:12:17-124
80                android:value="com.google.firebase.components.ComponentRegistrar" />
80-->[:firebase_auth] AndroidManifest.xml:13:17-82
81            <meta-data
81-->[:cloud_firestore] AndroidManifest.xml:11:13-13:85
82                android:name="com.google.firebase.components:io.flutter.plugins.firebase.firestore.FlutterFirebaseFirestoreRegistrar"
82-->[:cloud_firestore] AndroidManifest.xml:12:17-134
83                android:value="com.google.firebase.components.ComponentRegistrar" />
83-->[:cloud_firestore] AndroidManifest.xml:13:17-82
84            <meta-data
84-->[:firebase_core] AndroidManifest.xml:11:13-13:85
85                android:name="com.google.firebase.components:io.flutter.plugins.firebase.core.FlutterFirebaseCoreRegistrar"
85-->[:firebase_core] AndroidManifest.xml:12:17-124
86                android:value="com.google.firebase.components.ComponentRegistrar" />
86-->[:firebase_core] AndroidManifest.xml:13:17-82
87            <meta-data
87-->[com.google.firebase:firebase-auth:21.0.8] AndroidManifest.xml:67:13-69:85
88                android:name="com.google.firebase.components:com.google.firebase.auth.FirebaseAuthRegistrar"
88-->[com.google.firebase:firebase-auth:21.0.8] AndroidManifest.xml:68:17-109
89                android:value="com.google.firebase.components.ComponentRegistrar" />
89-->[com.google.firebase:firebase-auth:21.0.8] AndroidManifest.xml:69:17-82
90            <meta-data
90-->[com.google.firebase:firebase-firestore:24.3.1] AndroidManifest.xml:20:13-22:85
91                android:name="com.google.firebase.components:com.google.firebase.firestore.FirestoreRegistrar"
91-->[com.google.firebase:firebase-firestore:24.3.1] AndroidManifest.xml:21:17-111
92                android:value="com.google.firebase.components.ComponentRegistrar" />
92-->[com.google.firebase:firebase-firestore:24.3.1] AndroidManifest.xml:22:17-82
93        </service>
94
95        <activity
95-->[:url_launcher_android] AndroidManifest.xml:10:9-13:74
96            android:name="io.flutter.plugins.urllauncher.WebViewActivity"
96-->[:url_launcher_android] AndroidManifest.xml:11:13-74
97            android:exported="false"
97-->[:url_launcher_android] AndroidManifest.xml:12:13-37
98            android:theme="@android:style/Theme.NoTitleBar.Fullscreen" />
98-->[:url_launcher_android] AndroidManifest.xml:13:13-71
99
100        <uses-library
100-->[androidx.window:window:1.0.0-beta04] AndroidManifest.xml:25:9-27:40
101            android:name="androidx.window.extensions"
101-->[androidx.window:window:1.0.0-beta04] AndroidManifest.xml:26:13-54
102            android:required="false" />
102-->[androidx.window:window:1.0.0-beta04] AndroidManifest.xml:27:13-37
103        <uses-library
103-->[androidx.window:window:1.0.0-beta04] AndroidManifest.xml:28:9-30:40
104            android:name="androidx.window.sidecar"
104-->[androidx.window:window:1.0.0-beta04] AndroidManifest.xml:29:13-51
105            android:required="false" />
105-->[androidx.window:window:1.0.0-beta04] AndroidManifest.xml:30:13-37
106
107        <activity
107-->[com.google.firebase:firebase-auth:21.0.8] AndroidManifest.xml:27:9-44:20
108            android:name="com.google.firebase.auth.internal.GenericIdpActivity"
108-->[com.google.firebase:firebase-auth:21.0.8] AndroidManifest.xml:28:13-80
109            android:excludeFromRecents="true"
109-->[com.google.firebase:firebase-auth:21.0.8] AndroidManifest.xml:29:13-46
110            android:exported="true"
110-->[com.google.firebase:firebase-auth:21.0.8] AndroidManifest.xml:30:13-36
111            android:launchMode="singleTask"
111-->[com.google.firebase:firebase-auth:21.0.8] AndroidManifest.xml:31:13-44
112            android:theme="@android:style/Theme.Translucent.NoTitleBar" >
112-->[com.google.firebase:firebase-auth:21.0.8] AndroidManifest.xml:32:13-72
113            <intent-filter>
113-->[com.google.firebase:firebase-auth:21.0.8] AndroidManifest.xml:33:13-43:29
114                <action android:name="android.intent.action.VIEW" />
114-->src/debug/AndroidManifest.xml:12:5-57
114-->src/debug/AndroidManifest.xml:12:13-54
115
116                <category android:name="android.intent.category.DEFAULT" />
116-->[com.google.firebase:firebase-auth:21.0.8] AndroidManifest.xml:36:17-76
116-->[com.google.firebase:firebase-auth:21.0.8] AndroidManifest.xml:36:27-73
117                <category android:name="android.intent.category.BROWSABLE" />
117-->[com.google.firebase:firebase-auth:21.0.8] AndroidManifest.xml:37:17-78
117-->[com.google.firebase:firebase-auth:21.0.8] AndroidManifest.xml:37:27-75
118
119                <data
119-->src/debug/AndroidManifest.xml:13:5-36
120                    android:host="firebase.auth"
121                    android:path="/"
122                    android:scheme="genericidp" />
122-->src/debug/AndroidManifest.xml:13:11-33
123            </intent-filter>
124        </activity>
125        <activity
125-->[com.google.firebase:firebase-auth:21.0.8] AndroidManifest.xml:45:9-62:20
126            android:name="com.google.firebase.auth.internal.RecaptchaActivity"
126-->[com.google.firebase:firebase-auth:21.0.8] AndroidManifest.xml:46:13-79
127            android:excludeFromRecents="true"
127-->[com.google.firebase:firebase-auth:21.0.8] AndroidManifest.xml:47:13-46
128            android:exported="true"
128-->[com.google.firebase:firebase-auth:21.0.8] AndroidManifest.xml:48:13-36
129            android:launchMode="singleTask"
129-->[com.google.firebase:firebase-auth:21.0.8] AndroidManifest.xml:49:13-44
130            android:theme="@android:style/Theme.Translucent.NoTitleBar" >
130-->[com.google.firebase:firebase-auth:21.0.8] AndroidManifest.xml:50:13-72
131            <intent-filter>
131-->[com.google.firebase:firebase-auth:21.0.8] AndroidManifest.xml:51:13-61:29
132                <action android:name="android.intent.action.VIEW" />
132-->src/debug/AndroidManifest.xml:12:5-57
132-->src/debug/AndroidManifest.xml:12:13-54
133
134                <category android:name="android.intent.category.DEFAULT" />
134-->[com.google.firebase:firebase-auth:21.0.8] AndroidManifest.xml:36:17-76
134-->[com.google.firebase:firebase-auth:21.0.8] AndroidManifest.xml:36:27-73
135                <category android:name="android.intent.category.BROWSABLE" />
135-->[com.google.firebase:firebase-auth:21.0.8] AndroidManifest.xml:37:17-78
135-->[com.google.firebase:firebase-auth:21.0.8] AndroidManifest.xml:37:27-75
136
137                <data
137-->src/debug/AndroidManifest.xml:13:5-36
138                    android:host="firebase.auth"
139                    android:path="/"
140                    android:scheme="recaptcha" />
140-->src/debug/AndroidManifest.xml:13:11-33
141            </intent-filter>
142        </activity>
143
144        <provider
144-->[com.google.firebase:firebase-common:20.1.2] AndroidManifest.xml:26:9-31:39
145            android:name="com.google.firebase.provider.FirebaseInitProvider"
145-->[com.google.firebase:firebase-common:20.1.2] AndroidManifest.xml:27:13-77
146            android:authorities="com.Adi.Amin.firebaseinitprovider"
146-->[com.google.firebase:firebase-common:20.1.2] AndroidManifest.xml:28:13-72
147            android:directBootAware="true"
147-->[com.google.firebase:firebase-common:20.1.2] AndroidManifest.xml:29:13-43
148            android:exported="false"
148-->[com.google.firebase:firebase-common:20.1.2] AndroidManifest.xml:30:13-37
149            android:initOrder="100" />
149-->[com.google.firebase:firebase-common:20.1.2] AndroidManifest.xml:31:13-36
150
151        <activity
151-->[com.google.android.gms:play-services-base:18.0.1] AndroidManifest.xml:20:9-22:45
152            android:name="com.google.android.gms.common.api.GoogleApiActivity"
152-->[com.google.android.gms:play-services-base:18.0.1] AndroidManifest.xml:20:19-85
153            android:exported="false"
153-->[com.google.android.gms:play-services-base:18.0.1] AndroidManifest.xml:22:19-43
154            android:theme="@android:style/Theme.Translucent.NoTitleBar" />
154-->[com.google.android.gms:play-services-base:18.0.1] AndroidManifest.xml:21:19-78
155
156        <meta-data
156-->[com.google.android.gms:play-services-basement:18.1.0] AndroidManifest.xml:21:9-23:69
157            android:name="com.google.android.gms.version"
157-->[com.google.android.gms:play-services-basement:18.1.0] AndroidManifest.xml:22:13-58
158            android:value="@integer/google_play_services_version" />
158-->[com.google.android.gms:play-services-basement:18.1.0] AndroidManifest.xml:23:13-66
159    </application>
160
161</manifest>